<?xml version="1.0" encoding="UTF-8"?>
<!-- Generated by org.testng.reporters.JUnitXMLReporter -->
<testsuite hostname="valentyna" ignored="0" name="Command line test" tests="21" failures="0" timestamp="2023-01-24T20:42:38 CST" time="103.115" errors="0">
  <testcase name="warningAlert" time="0.166" classname="scripts.TechGlobalAlertTest"/>
  <testcase name="confirmationAlert" time="0.359" classname="scripts.TechGlobalAlertTest"/>
  <testcase name="promptAlert" time="0.55" classname="scripts.TechGlobalAlertTest"/>
  <testcase name="validateCheckboxes" time="5.367" classname="scripts.TechGlobalCheckBoxTest"/>
  <testcase name="validateCheckboxes2" time="1.49" classname="scripts.TechGlobalCheckBoxTest"/>
  <testcase name="selectDeliveryOption" time="0.133" classname="scripts.TechGlobalDropdownsTest"/>
  <testcase name="selectProductOption" time="0.141" classname="scripts.TechGlobalDropdownsTest"/>
  <testcase name="selectColorOption" time="0.178" classname="scripts.TechGlobalDropdownsTest"/>
  <testcase name="validateTheItemSelected" time="5.615" classname="scripts.TechGlobalDropdownsTest"/>
  <testcase name="dynamicElementsTest1" time="0.728" classname="scripts.TechGlobalDynamicElementsTest"/>
  <testcase name="popupValidation" time="0.149" classname="scripts.TechGlobalDynamicTablesTest"/>
  <testcase name="validateFrontendTestingCards" time="2.05" classname="scripts.TechGlobalFrontendTestingHomeTest"/>
  <testcase name="validateFrontendTestingURL" time="0.506" classname="scripts.TechGlobalFrontendTestingHomeTest"/>
  <testcase name="validateTechGlobalHeaderDropdown" time="0.12" classname="scripts.TechGlobalHeaderTest"/>
  <testcase name="validateTechGlobalHeaderDropdownOptions" time="0.576" classname="scripts.TechGlobalHeaderTest"/>
  <testcase name="validateTechGlobalLogo" time="0.661" classname="scripts.TechGlobalLogoTest"/>
  <testcase name="validateTheAppleLink" time="3.275" classname="scripts.TechGlobalMultipleWindowsPageTest"/>
  <testcase name="validateLinkURLs" time="4.847" classname="scripts.TechGlobalMultipleWindowsPageTest"/>
  <testcase name="languageRadioButtons" time="1.704" classname="scripts.techGlobalRadioButtonsTest"/>
  <testcase name="toolsRadioButtons" time="1.018" classname="scripts.techGlobalRadioButtonsTest"/>
  <testcase name="validateRedBox" time="1.031" classname="scripts.TechGlobalWaitsPageTest"/>
</testsuite> <!-- Command line test -->
