<?xml version="1.0" encoding="UTF-8"?>
<testng-results skipped="0" failed="0" ignored="0" total="21" passed="21">
  <reporter-output>
  </reporter-output>
  <suite name="Command line suite" duration-ms="103115" started-at="2023-01-24T20:40:55 CST" finished-at="2023-01-24T20:42:38 CST">
    <groups>
    </groups>
    <test name="Command line test" duration-ms="103115" started-at="2023-01-24T20:40:55 CST" finished-at="2023-01-24T20:42:38 CST">
      <class name="scripts.TechGlobalFrontendTestingHomeTest">
        <test-method status="PASS" signature="setup()[pri:0, instance:scripts.TechGlobalFrontendTestingHomeTest@617faa95]" name="setup" is-config="true" duration-ms="2074" started-at="2023-01-24T20:41:51 CST" finished-at="2023-01-24T20:41:53 CST">
          <reporter-output>
          </reporter-output>
        </test-method> <!-- setup -->
        <test-method status="PASS" signature="setPage()[pri:0, instance:scripts.TechGlobalFrontendTestingHomeTest@617faa95]" name="setPage" is-config="true" duration-ms="0" started-at="2023-01-24T20:41:53 CST" finished-at="2023-01-24T20:41:53 CST">
          <reporter-output>
          </reporter-output>
        </test-method> <!-- setPage -->
        <test-method status="PASS" signature="validateFrontendTestingCards()[pri:1, instance:scripts.TechGlobalFrontendTestingHomeTest@617faa95]" name="validateFrontendTestingCards" duration-ms="2050" started-at="2023-01-24T20:41:53 CST" description="Validate Frontend Testing cards" finished-at="2023-01-24T20:41:55 CST">
          <reporter-output>
          </reporter-output>
        </test-method> <!-- validateFrontendTestingCards -->
        <test-method status="PASS" signature="teardown()[pri:0, instance:scripts.TechGlobalFrontendTestingHomeTest@617faa95]" name="teardown" is-config="true" duration-ms="683" started-at="2023-01-24T20:41:55 CST" finished-at="2023-01-24T20:41:56 CST">
          <reporter-output>
          </reporter-output>
        </test-method> <!-- teardown -->
        <test-method status="PASS" signature="setup()[pri:0, instance:scripts.TechGlobalFrontendTestingHomeTest@617faa95]" name="setup" is-config="true" duration-ms="2157" started-at="2023-01-24T20:41:56 CST" finished-at="2023-01-24T20:41:58 CST">
          <reporter-output>
          </reporter-output>
        </test-method> <!-- setup -->
        <test-method status="PASS" signature="setPage()[pri:0, instance:scripts.TechGlobalFrontendTestingHomeTest@617faa95]" name="setPage" is-config="true" duration-ms="0" started-at="2023-01-24T20:41:58 CST" finished-at="2023-01-24T20:41:58 CST">
          <reporter-output>
          </reporter-output>
        </test-method> <!-- setPage -->
        <test-method status="PASS" signature="validateFrontendTestingURL()[pri:2, instance:scripts.TechGlobalFrontendTestingHomeTest@617faa95]" name="validateFrontendTestingURL" duration-ms="506" started-at="2023-01-24T20:41:58 CST" description="Validate URL" finished-at="2023-01-24T20:41:59 CST">
          <reporter-output>
          </reporter-output>
        </test-method> <!-- validateFrontendTestingURL -->
        <test-method status="PASS" signature="teardown()[pri:0, instance:scripts.TechGlobalFrontendTestingHomeTest@617faa95]" name="teardown" is-config="true" duration-ms="686" started-at="2023-01-24T20:41:59 CST" finished-at="2023-01-24T20:41:59 CST">
          <reporter-output>
          </reporter-output>
        </test-method> <!-- teardown -->
      </class> <!-- scripts.TechGlobalFrontendTestingHomeTest -->
      <class name="scripts.techGlobalRadioButtonsTest">
        <test-method status="PASS" signature="setup()[pri:0, instance:scripts.techGlobalRadioButtonsTest@3c0f93f1]" name="setup" is-config="true" duration-ms="2169" started-at="2023-01-24T20:42:25 CST" finished-at="2023-01-24T20:42:28 CST">
          <reporter-output>
          </reporter-output>
        </test-method> <!-- setup -->
        <test-method status="PASS" signature="setPage()[pri:0, instance:scripts.techGlobalRadioButtonsTest@3c0f93f1]" name="setPage" is-config="true" duration-ms="3" started-at="2023-01-24T20:42:28 CST" finished-at="2023-01-24T20:42:28 CST">
          <reporter-output>
          </reporter-output>
        </test-method> <!-- setPage -->
        <test-method status="PASS" signature="languageRadioButtons()[pri:1, instance:scripts.techGlobalRadioButtonsTest@3c0f93f1]" name="languageRadioButtons" duration-ms="1704" started-at="2023-01-24T20:42:28 CST" description="Validating TechGlobal Language Radio Buttons" finished-at="2023-01-24T20:42:29 CST">
          <reporter-output>
          </reporter-output>
        </test-method> <!-- languageRadioButtons -->
        <test-method status="PASS" signature="teardown()[pri:0, instance:scripts.techGlobalRadioButtonsTest@3c0f93f1]" name="teardown" is-config="true" duration-ms="699" started-at="2023-01-24T20:42:29 CST" finished-at="2023-01-24T20:42:30 CST">
          <reporter-output>
          </reporter-output>
        </test-method> <!-- teardown -->
        <test-method status="PASS" signature="setup()[pri:0, instance:scripts.techGlobalRadioButtonsTest@3c0f93f1]" name="setup" is-config="true" duration-ms="2194" started-at="2023-01-24T20:42:30 CST" finished-at="2023-01-24T20:42:32 CST">
          <reporter-output>
          </reporter-output>
        </test-method> <!-- setup -->
        <test-method status="PASS" signature="setPage()[pri:0, instance:scripts.techGlobalRadioButtonsTest@3c0f93f1]" name="setPage" is-config="true" duration-ms="1" started-at="2023-01-24T20:42:32 CST" finished-at="2023-01-24T20:42:32 CST">
          <reporter-output>
          </reporter-output>
        </test-method> <!-- setPage -->
        <test-method status="PASS" signature="toolsRadioButtons()[pri:2, instance:scripts.techGlobalRadioButtonsTest@3c0f93f1]" name="toolsRadioButtons" duration-ms="1018" started-at="2023-01-24T20:42:32 CST" description="Validating TechGlobal Tools Buttons" finished-at="2023-01-24T20:42:33 CST">
          <reporter-output>
          </reporter-output>
        </test-method> <!-- toolsRadioButtons -->
        <test-method status="PASS" signature="teardown()[pri:0, instance:scripts.techGlobalRadioButtonsTest@3c0f93f1]" name="teardown" is-config="true" duration-ms="674" started-at="2023-01-24T20:42:33 CST" finished-at="2023-01-24T20:42:34 CST">
          <reporter-output>
          </reporter-output>
        </test-method> <!-- teardown -->
      </class> <!-- scripts.techGlobalRadioButtonsTest -->
      <class name="scripts.TechGlobalDynamicElementsTest">
        <test-method status="PASS" signature="setup()[pri:0, instance:scripts.TechGlobalDynamicElementsTest@6e1ec318]" name="setup" is-config="true" duration-ms="2140" started-at="2023-01-24T20:41:43 CST" finished-at="2023-01-24T20:41:46 CST">
          <reporter-output>
          </reporter-output>
        </test-method> <!-- setup -->
        <test-method status="PASS" signature="setPage()[pri:0, instance:scripts.TechGlobalDynamicElementsTest@6e1ec318]" name="setPage" is-config="true" duration-ms="1" started-at="2023-01-24T20:41:46 CST" finished-at="2023-01-24T20:41:46 CST">
          <reporter-output>
          </reporter-output>
        </test-method> <!-- setPage -->
        <test-method status="PASS" signature="dynamicElementsTest1()[pri:1, instance:scripts.TechGlobalDynamicElementsTest@6e1ec318]" name="dynamicElementsTest1" duration-ms="728" started-at="2023-01-24T20:41:46 CST" description="Testing dynamic Web Elements" finished-at="2023-01-24T20:41:46 CST">
          <reporter-output>
          </reporter-output>
        </test-method> <!-- dynamicElementsTest1 -->
        <test-method status="PASS" signature="teardown()[pri:0, instance:scripts.TechGlobalDynamicElementsTest@6e1ec318]" name="teardown" is-config="true" duration-ms="687" started-at="2023-01-24T20:41:46 CST" finished-at="2023-01-24T20:41:47 CST">
          <reporter-output>
          </reporter-output>
        </test-method> <!-- teardown -->
      </class> <!-- scripts.TechGlobalDynamicElementsTest -->
      <class name="scripts.TechGlobalCheckBoxTest">
        <test-method status="PASS" signature="setup()[pri:0, instance:scripts.TechGlobalCheckBoxTest@dc24521]" name="setup" is-config="true" duration-ms="2059" started-at="2023-01-24T20:41:10 CST" finished-at="2023-01-24T20:41:12 CST">
          <reporter-output>
          </reporter-output>
        </test-method> <!-- setup -->
        <test-method status="PASS" signature="setPage()[pri:0, instance:scripts.TechGlobalCheckBoxTest@dc24521]" name="setPage" is-config="true" duration-ms="2" started-at="2023-01-24T20:41:12 CST" finished-at="2023-01-24T20:41:12 CST">
          <reporter-output>
          </reporter-output>
        </test-method> <!-- setPage -->
        <test-method status="PASS" signature="validateCheckboxes()[pri:1, instance:scripts.TechGlobalCheckBoxTest@dc24521]" name="validateCheckboxes" duration-ms="5367" started-at="2023-01-24T20:41:12 CST" description="Validate checkboxes" finished-at="2023-01-24T20:41:17 CST">
          <reporter-output>
          </reporter-output>
        </test-method> <!-- validateCheckboxes -->
        <test-method status="PASS" signature="teardown()[pri:0, instance:scripts.TechGlobalCheckBoxTest@dc24521]" name="teardown" is-config="true" duration-ms="683" started-at="2023-01-24T20:41:17 CST" finished-at="2023-01-24T20:41:18 CST">
          <reporter-output>
          </reporter-output>
        </test-method> <!-- teardown -->
        <test-method status="PASS" signature="setup()[pri:0, instance:scripts.TechGlobalCheckBoxTest@dc24521]" name="setup" is-config="true" duration-ms="2229" started-at="2023-01-24T20:41:18 CST" finished-at="2023-01-24T20:41:20 CST">
          <reporter-output>
          </reporter-output>
        </test-method> <!-- setup -->
        <test-method status="PASS" signature="setPage()[pri:0, instance:scripts.TechGlobalCheckBoxTest@dc24521]" name="setPage" is-config="true" duration-ms="2" started-at="2023-01-24T20:41:20 CST" finished-at="2023-01-24T20:41:20 CST">
          <reporter-output>
          </reporter-output>
        </test-method> <!-- setPage -->
        <test-method status="PASS" signature="validateCheckboxes2()[pri:2, instance:scripts.TechGlobalCheckBoxTest@dc24521]" name="validateCheckboxes2" duration-ms="1490" started-at="2023-01-24T20:41:20 CST" description="Validate checkboxes 2" finished-at="2023-01-24T20:41:21 CST">
          <reporter-output>
          </reporter-output>
        </test-method> <!-- validateCheckboxes2 -->
        <test-method status="PASS" signature="teardown()[pri:0, instance:scripts.TechGlobalCheckBoxTest@dc24521]" name="teardown" is-config="true" duration-ms="677" started-at="2023-01-24T20:41:21 CST" finished-at="2023-01-24T20:41:22 CST">
          <reporter-output>
          </reporter-output>
        </test-method> <!-- teardown -->
      </class> <!-- scripts.TechGlobalCheckBoxTest -->
      <class name="scripts.TechGlobalLogoTest">
        <test-method status="PASS" signature="setup()[pri:0, instance:scripts.TechGlobalLogoTest@60c6f5b]" name="setup" is-config="true" duration-ms="2159" started-at="2023-01-24T20:42:06 CST" finished-at="2023-01-24T20:42:08 CST">
          <reporter-output>
          </reporter-output>
        </test-method> <!-- setup -->
        <test-method status="PASS" signature="validateTechGlobalLogo()[pri:0, instance:scripts.TechGlobalLogoTest@60c6f5b]" name="validateTechGlobalLogo" duration-ms="661" started-at="2023-01-24T20:42:08 CST" finished-at="2023-01-24T20:42:09 CST">
          <reporter-output>
          </reporter-output>
        </test-method> <!-- validateTechGlobalLogo -->
        <test-method status="PASS" signature="teardown()[pri:0, instance:scripts.TechGlobalLogoTest@60c6f5b]" name="teardown" is-config="true" duration-ms="719" started-at="2023-01-24T20:42:09 CST" finished-at="2023-01-24T20:42:10 CST">
          <reporter-output>
          </reporter-output>
        </test-method> <!-- teardown -->
      </class> <!-- scripts.TechGlobalLogoTest -->
      <class name="scripts.TechGlobalDynamicTablesTest">
        <test-method status="PASS" signature="setup()[pri:0, instance:scripts.TechGlobalDynamicTablesTest@7e0b0338]" name="setup" is-config="true" duration-ms="2248" started-at="2023-01-24T20:41:47 CST" finished-at="2023-01-24T20:41:49 CST">
          <reporter-output>
          </reporter-output>
        </test-method> <!-- setup -->
        <test-method status="PASS" signature="setPage()[pri:0, instance:scripts.TechGlobalDynamicTablesTest@7e0b0338]" name="setPage" is-config="true" duration-ms="1122" started-at="2023-01-24T20:41:49 CST" finished-at="2023-01-24T20:41:50 CST">
          <reporter-output>
          </reporter-output>
        </test-method> <!-- setPage -->
        <test-method status="PASS" signature="popupValidation()[pri:1, instance:scripts.TechGlobalDynamicTablesTest@7e0b0338]" name="popupValidation" duration-ms="149" started-at="2023-01-24T20:41:50 CST" description="pop up validation" finished-at="2023-01-24T20:41:50 CST">
          <reporter-output>
          </reporter-output>
        </test-method> <!-- popupValidation -->
        <test-method status="PASS" signature="teardown()[pri:0, instance:scripts.TechGlobalDynamicTablesTest@7e0b0338]" name="teardown" is-config="true" duration-ms="690" started-at="2023-01-24T20:41:50 CST" finished-at="2023-01-24T20:41:51 CST">
          <reporter-output>
          </reporter-output>
        </test-method> <!-- teardown -->
      </class> <!-- scripts.TechGlobalDynamicTablesTest -->
      <class name="scripts.TechGlobalAlertTest">
        <test-method status="PASS" signature="setup()[pri:0, instance:scripts.TechGlobalAlertTest@148080bb]" name="setup" is-config="true" duration-ms="3555" started-at="2023-01-24T20:40:55 CST" finished-at="2023-01-24T20:40:59 CST">
          <reporter-output>
          </reporter-output>
        </test-method> <!-- setup -->
        <test-method status="PASS" signature="setPage()[pri:0, instance:scripts.TechGlobalAlertTest@148080bb]" name="setPage" is-config="true" duration-ms="1060" started-at="2023-01-24T20:40:59 CST" finished-at="2023-01-24T20:41:00 CST">
          <reporter-output>
          </reporter-output>
        </test-method> <!-- setPage -->
        <test-method status="PASS" signature="warningAlert()[pri:1, instance:scripts.TechGlobalAlertTest@148080bb]" name="warningAlert" duration-ms="166" started-at="2023-01-24T20:41:00 CST" description="Validate warning alert" finished-at="2023-01-24T20:41:00 CST">
          <reporter-output>
          </reporter-output>
        </test-method> <!-- warningAlert -->
        <test-method status="PASS" signature="teardown()[pri:0, instance:scripts.TechGlobalAlertTest@148080bb]" name="teardown" is-config="true" duration-ms="701" started-at="2023-01-24T20:41:00 CST" finished-at="2023-01-24T20:41:00 CST">
          <reporter-output>
          </reporter-output>
        </test-method> <!-- teardown -->
        <test-method status="PASS" signature="setup()[pri:0, instance:scripts.TechGlobalAlertTest@148080bb]" name="setup" is-config="true" duration-ms="2372" started-at="2023-01-24T20:41:00 CST" finished-at="2023-01-24T20:41:03 CST">
          <reporter-output>
          </reporter-output>
        </test-method> <!-- setup -->
        <test-method status="PASS" signature="setPage()[pri:0, instance:scripts.TechGlobalAlertTest@148080bb]" name="setPage" is-config="true" duration-ms="1134" started-at="2023-01-24T20:41:03 CST" finished-at="2023-01-24T20:41:04 CST">
          <reporter-output>
          </reporter-output>
        </test-method> <!-- setPage -->
        <test-method status="PASS" signature="confirmationAlert()[pri:2, instance:scripts.TechGlobalAlertTest@148080bb]" name="confirmationAlert" duration-ms="359" started-at="2023-01-24T20:41:04 CST" description="Validate confirmation alert" finished-at="2023-01-24T20:41:04 CST">
          <reporter-output>
          </reporter-output>
        </test-method> <!-- confirmationAlert -->
        <test-method status="PASS" signature="teardown()[pri:0, instance:scripts.TechGlobalAlertTest@148080bb]" name="teardown" is-config="true" duration-ms="725" started-at="2023-01-24T20:41:04 CST" finished-at="2023-01-24T20:41:05 CST">
          <reporter-output>
          </reporter-output>
        </test-method> <!-- teardown -->
        <test-method status="PASS" signature="setup()[pri:0, instance:scripts.TechGlobalAlertTest@148080bb]" name="setup" is-config="true" duration-ms="2143" started-at="2023-01-24T20:41:05 CST" finished-at="2023-01-24T20:41:07 CST">
          <reporter-output>
          </reporter-output>
        </test-method> <!-- setup -->
        <test-method status="PASS" signature="setPage()[pri:0, instance:scripts.TechGlobalAlertTest@148080bb]" name="setPage" is-config="true" duration-ms="1048" started-at="2023-01-24T20:41:07 CST" finished-at="2023-01-24T20:41:08 CST">
          <reporter-output>
          </reporter-output>
        </test-method> <!-- setPage -->
        <test-method status="PASS" signature="promptAlert()[pri:3, instance:scripts.TechGlobalAlertTest@148080bb]" name="promptAlert" duration-ms="550" started-at="2023-01-24T20:41:08 CST" description="Validate Prompt alert" finished-at="2023-01-24T20:41:09 CST">
          <reporter-output>
          </reporter-output>
        </test-method> <!-- promptAlert -->
        <test-method status="PASS" signature="teardown()[pri:0, instance:scripts.TechGlobalAlertTest@148080bb]" name="teardown" is-config="true" duration-ms="718" started-at="2023-01-24T20:41:09 CST" finished-at="2023-01-24T20:41:10 CST">
          <reporter-output>
          </reporter-output>
        </test-method> <!-- teardown -->
      </class> <!-- scripts.TechGlobalAlertTest -->
      <class name="scripts.TechGlobalMultipleWindowsPageTest">
        <test-method status="PASS" signature="setup()[pri:0, instance:scripts.TechGlobalMultipleWindowsPageTest@2038ae61]" name="setup" is-config="true" duration-ms="2375" started-at="2023-01-24T20:42:10 CST" finished-at="2023-01-24T20:42:12 CST">
          <reporter-output>
          </reporter-output>
        </test-method> <!-- setup -->
        <test-method status="PASS" signature="setPage()[pri:0, instance:scripts.TechGlobalMultipleWindowsPageTest@2038ae61]" name="setPage" is-config="true" duration-ms="1003" started-at="2023-01-24T20:42:12 CST" finished-at="2023-01-24T20:42:13 CST">
          <reporter-output>
          </reporter-output>
        </test-method> <!-- setPage -->
        <test-method status="PASS" signature="validateTheAppleLink()[pri:1, instance:scripts.TechGlobalMultipleWindowsPageTest@2038ae61]" name="validateTheAppleLink" duration-ms="3275" started-at="2023-01-24T20:42:13 CST" description="Validate the apple link" finished-at="2023-01-24T20:42:16 CST">
          <reporter-output>
          </reporter-output>
        </test-method> <!-- validateTheAppleLink -->
        <test-method status="PASS" signature="teardown()[pri:0, instance:scripts.TechGlobalMultipleWindowsPageTest@2038ae61]" name="teardown" is-config="true" duration-ms="707" started-at="2023-01-24T20:42:16 CST" finished-at="2023-01-24T20:42:17 CST">
          <reporter-output>
          </reporter-output>
        </test-method> <!-- teardown -->
        <test-method status="PASS" signature="setup()[pri:0, instance:scripts.TechGlobalMultipleWindowsPageTest@2038ae61]" name="setup" is-config="true" duration-ms="2159" started-at="2023-01-24T20:42:17 CST" finished-at="2023-01-24T20:42:19 CST">
          <reporter-output>
          </reporter-output>
        </test-method> <!-- setup -->
        <test-method status="PASS" signature="setPage()[pri:0, instance:scripts.TechGlobalMultipleWindowsPageTest@2038ae61]" name="setPage" is-config="true" duration-ms="817" started-at="2023-01-24T20:42:19 CST" finished-at="2023-01-24T20:42:20 CST">
          <reporter-output>
          </reporter-output>
        </test-method> <!-- setPage -->
        <test-method status="PASS" signature="validateLinkURLs()[pri:2, instance:scripts.TechGlobalMultipleWindowsPageTest@2038ae61]" name="validateLinkURLs" duration-ms="4847" started-at="2023-01-24T20:42:20 CST" description="Validate link urls" finished-at="2023-01-24T20:42:25 CST">
          <reporter-output>
          </reporter-output>
        </test-method> <!-- validateLinkURLs -->
        <test-method status="PASS" signature="teardown()[pri:0, instance:scripts.TechGlobalMultipleWindowsPageTest@2038ae61]" name="teardown" is-config="true" duration-ms="739" started-at="2023-01-24T20:42:25 CST" finished-at="2023-01-24T20:42:25 CST">
          <reporter-output>
          </reporter-output>
        </test-method> <!-- teardown -->
      </class> <!-- scripts.TechGlobalMultipleWindowsPageTest -->
      <class name="scripts.TechGlobalHeaderTest">
        <test-method status="PASS" signature="setup()[pri:0, instance:scripts.TechGlobalHeaderTest@1e127982]" name="setup" is-config="true" duration-ms="2223" started-at="2023-01-24T20:41:59 CST" finished-at="2023-01-24T20:42:02 CST">
          <reporter-output>
          </reporter-output>
        </test-method> <!-- setup -->
        <test-method status="PASS" signature="validateTechGlobalHeaderDropdown()[pri:1, instance:scripts.TechGlobalHeaderTest@1e127982]" name="validateTechGlobalHeaderDropdown" duration-ms="120" started-at="2023-01-24T20:42:02 CST" finished-at="2023-01-24T20:42:02 CST">
          <reporter-output>
          </reporter-output>
        </test-method> <!-- validateTechGlobalHeaderDropdown -->
        <test-method status="PASS" signature="teardown()[pri:0, instance:scripts.TechGlobalHeaderTest@1e127982]" name="teardown" is-config="true" duration-ms="680" started-at="2023-01-24T20:42:02 CST" finished-at="2023-01-24T20:42:02 CST">
          <reporter-output>
          </reporter-output>
        </test-method> <!-- teardown -->
        <test-method status="PASS" signature="setup()[pri:0, instance:scripts.TechGlobalHeaderTest@1e127982]" name="setup" is-config="true" duration-ms="2328" started-at="2023-01-24T20:42:02 CST" finished-at="2023-01-24T20:42:05 CST">
          <reporter-output>
          </reporter-output>
        </test-method> <!-- setup -->
        <test-method status="PASS" signature="validateTechGlobalHeaderDropdownOptions()[pri:2, instance:scripts.TechGlobalHeaderTest@1e127982]" name="validateTechGlobalHeaderDropdownOptions" duration-ms="576" started-at="2023-01-24T20:42:05 CST" finished-at="2023-01-24T20:42:05 CST">
          <reporter-output>
          </reporter-output>
        </test-method> <!-- validateTechGlobalHeaderDropdownOptions -->
        <test-method status="PASS" signature="teardown()[pri:0, instance:scripts.TechGlobalHeaderTest@1e127982]" name="teardown" is-config="true" duration-ms="698" started-at="2023-01-24T20:42:05 CST" finished-at="2023-01-24T20:42:06 CST">
          <reporter-output>
          </reporter-output>
        </test-method> <!-- teardown -->
      </class> <!-- scripts.TechGlobalHeaderTest -->
      <class name="scripts.TechGlobalWaitsPageTest">
        <test-method status="PASS" signature="setup()[pri:0, instance:scripts.TechGlobalWaitsPageTest@31dc339b]" name="setup" is-config="true" duration-ms="2415" started-at="2023-01-24T20:42:34 CST" finished-at="2023-01-24T20:42:36 CST">
          <reporter-output>
          </reporter-output>
        </test-method> <!-- setup -->
        <test-method status="PASS" signature="setPage()[pri:0, instance:scripts.TechGlobalWaitsPageTest@31dc339b]" name="setPage" is-config="true" duration-ms="0" started-at="2023-01-24T20:42:36 CST" finished-at="2023-01-24T20:42:36 CST">
          <reporter-output>
          </reporter-output>
        </test-method> <!-- setPage -->
        <test-method status="PASS" signature="validateRedBox()[pri:1, instance:scripts.TechGlobalWaitsPageTest@31dc339b]" name="validateRedBox" duration-ms="1031" started-at="2023-01-24T20:42:36 CST" finished-at="2023-01-24T20:42:37 CST">
          <reporter-output>
          </reporter-output>
        </test-method> <!-- validateRedBox -->
        <test-method status="PASS" signature="teardown()[pri:0, instance:scripts.TechGlobalWaitsPageTest@31dc339b]" name="teardown" is-config="true" duration-ms="711" started-at="2023-01-24T20:42:37 CST" finished-at="2023-01-24T20:42:38 CST">
          <reporter-output>
          </reporter-output>
        </test-method> <!-- teardown -->
      </class> <!-- scripts.TechGlobalWaitsPageTest -->
      <class name="scripts.TechGlobalDropdownsTest">
        <test-method status="PASS" signature="setup()[pri:0, instance:scripts.TechGlobalDropdownsTest@10bdf5e5]" name="setup" is-config="true" duration-ms="2063" started-at="2023-01-24T20:41:22 CST" finished-at="2023-01-24T20:41:24 CST">
          <reporter-output>
          </reporter-output>
        </test-method> <!-- setup -->
        <test-method status="PASS" signature="setPage()[pri:0, instance:scripts.TechGlobalDropdownsTest@10bdf5e5]" name="setPage" is-config="true" duration-ms="730" started-at="2023-01-24T20:41:24 CST" finished-at="2023-01-24T20:41:25 CST">
          <reporter-output>
          </reporter-output>
        </test-method> <!-- setPage -->
        <test-method status="PASS" signature="selectDeliveryOption()[pri:1, instance:scripts.TechGlobalDropdownsTest@10bdf5e5]" name="selectDeliveryOption" duration-ms="133" started-at="2023-01-24T20:41:25 CST" description="Select Delivery option" finished-at="2023-01-24T20:41:25 CST">
          <reporter-output>
          </reporter-output>
        </test-method> <!-- selectDeliveryOption -->
        <test-method status="PASS" signature="teardown()[pri:0, instance:scripts.TechGlobalDropdownsTest@10bdf5e5]" name="teardown" is-config="true" duration-ms="687" started-at="2023-01-24T20:41:25 CST" finished-at="2023-01-24T20:41:26 CST">
          <reporter-output>
          </reporter-output>
        </test-method> <!-- teardown -->
        <test-method status="PASS" signature="setup()[pri:0, instance:scripts.TechGlobalDropdownsTest@10bdf5e5]" name="setup" is-config="true" duration-ms="2418" started-at="2023-01-24T20:41:26 CST" finished-at="2023-01-24T20:41:28 CST">
          <reporter-output>
          </reporter-output>
        </test-method> <!-- setup -->
        <test-method status="PASS" signature="setPage()[pri:0, instance:scripts.TechGlobalDropdownsTest@10bdf5e5]" name="setPage" is-config="true" duration-ms="1072" started-at="2023-01-24T20:41:28 CST" finished-at="2023-01-24T20:41:29 CST">
          <reporter-output>
          </reporter-output>
        </test-method> <!-- setPage -->
        <test-method status="PASS" signature="selectProductOption()[pri:2, instance:scripts.TechGlobalDropdownsTest@10bdf5e5]" name="selectProductOption" duration-ms="141" started-at="2023-01-24T20:41:29 CST" description="Select iPhone 14 Pro Max option" finished-at="2023-01-24T20:41:29 CST">
          <reporter-output>
          </reporter-output>
        </test-method> <!-- selectProductOption -->
        <test-method status="PASS" signature="teardown()[pri:0, instance:scripts.TechGlobalDropdownsTest@10bdf5e5]" name="teardown" is-config="true" duration-ms="669" started-at="2023-01-24T20:41:29 CST" finished-at="2023-01-24T20:41:30 CST">
          <reporter-output>
          </reporter-output>
        </test-method> <!-- teardown -->
        <test-method status="PASS" signature="setup()[pri:0, instance:scripts.TechGlobalDropdownsTest@10bdf5e5]" name="setup" is-config="true" duration-ms="2210" started-at="2023-01-24T20:41:30 CST" finished-at="2023-01-24T20:41:32 CST">
          <reporter-output>
          </reporter-output>
        </test-method> <!-- setup -->
        <test-method status="PASS" signature="setPage()[pri:0, instance:scripts.TechGlobalDropdownsTest@10bdf5e5]" name="setPage" is-config="true" duration-ms="738" started-at="2023-01-24T20:41:32 CST" finished-at="2023-01-24T20:41:33 CST">
          <reporter-output>
          </reporter-output>
        </test-method> <!-- setPage -->
        <test-method status="PASS" signature="selectColorOption()[pri:3, instance:scripts.TechGlobalDropdownsTest@10bdf5e5]" name="selectColorOption" duration-ms="178" started-at="2023-01-24T20:41:33 CST" description="Select Yellow options" finished-at="2023-01-24T20:41:33 CST">
          <reporter-output>
          </reporter-output>
        </test-method> <!-- selectColorOption -->
        <test-method status="PASS" signature="teardown()[pri:0, instance:scripts.TechGlobalDropdownsTest@10bdf5e5]" name="teardown" is-config="true" duration-ms="660" started-at="2023-01-24T20:41:33 CST" finished-at="2023-01-24T20:41:34 CST">
          <reporter-output>
          </reporter-output>
        </test-method> <!-- teardown -->
        <test-method status="PASS" signature="setup()[pri:0, instance:scripts.TechGlobalDropdownsTest@10bdf5e5]" name="setup" is-config="true" duration-ms="2372" started-at="2023-01-24T20:41:34 CST" finished-at="2023-01-24T20:41:36 CST">
          <reporter-output>
          </reporter-output>
        </test-method> <!-- setup -->
        <test-method status="PASS" signature="setPage()[pri:0, instance:scripts.TechGlobalDropdownsTest@10bdf5e5]" name="setPage" is-config="true" duration-ms="1012" started-at="2023-01-24T20:41:36 CST" finished-at="2023-01-24T20:41:37 CST">
          <reporter-output>
          </reporter-output>
        </test-method> <!-- setPage -->
        <test-method status="PASS" signature="validateTheItemSelected()[pri:4, instance:scripts.TechGlobalDropdownsTest@10bdf5e5]" name="validateTheItemSelected" duration-ms="5615" started-at="2023-01-24T20:41:37 CST" description="Validate the selected item message" finished-at="2023-01-24T20:41:43 CST">
          <reporter-output>
          </reporter-output>
        </test-method> <!-- validateTheItemSelected -->
        <test-method status="PASS" signature="teardown()[pri:0, instance:scripts.TechGlobalDropdownsTest@10bdf5e5]" name="teardown" is-config="true" duration-ms="688" started-at="2023-01-24T20:41:43 CST" finished-at="2023-01-24T20:41:43 CST">
          <reporter-output>
          </reporter-output>
        </test-method> <!-- teardown -->
      </class> <!-- scripts.TechGlobalDropdownsTest -->
    </test> <!-- Command line test -->
  </suite> <!-- Command line suite -->
</testng-results>
