<?xml version="1.0" encoding="UTF-8" ?>
<testsuite tests="21" failures="0" name="TestSuite" time="30.674" errors="0" skipped="0">
  <properties>
[...]
</properties>
  <testcase classname="scripts.TechGlobalAlertTest" name="warningAlert" time="0.169"/>
  <testcase classname="scripts.TechGlobalAlertTest" name="confirmationAlert" time="0.36"/>
  <testcase classname="scripts.TechGlobalAlertTest" name="promptAlert" time="0.551"/>
  <testcase classname="scripts.TechGlobalCheckBoxTest" name="validateCheckboxes" time="5.368"/>
  <testcase classname="scripts.TechGlobalCheckBoxTest" name="validateCheckboxes2" time="1.49"/>
  <testcase classname="scripts.TechGlobalDropdownsTest" name="selectDeliveryOption" time="0.134"/>
  <testcase classname="scripts.TechGlobalDropdownsTest" name="selectProductOption" time="0.142"/>
  <testcase classname="scripts.TechGlobalDropdownsTest" name="selectColorOption" time="0.179"/>
  <testcase classname="scripts.TechGlobalDropdownsTest" name="validateTheItemSelected" time="5.614"/>
  <testcase classname="scripts.TechGlobalDynamicElementsTest" name="dynamicElementsTest1" time="0.728"/>
  <testcase classname="scripts.TechGlobalDynamicTablesTest" name="popupValidation" time="0.149"/>
  <testcase classname="scripts.TechGlobalFrontendTestingHomeTest" name="validateFrontendTestingCards" time="2.05"/>
  <testcase classname="scripts.TechGlobalFrontendTestingHomeTest" name="validateFrontendTestingURL" time="0.506"/>
  <testcase classname="scripts.TechGlobalHeaderTest" name="validateTechGlobalHeaderDropdown" time="0.12"/>
  <testcase classname="scripts.TechGlobalHeaderTest" name="validateTechGlobalHeaderDropdownOptions" time="0.576"/>
  <testcase classname="scripts.TechGlobalLogoTest" name="validateTechGlobalLogo" time="0.662"/>
  <testcase classname="scripts.TechGlobalMultipleWindowsPageTest" name="validateTheAppleLink" time="3.275"/>
  <testcase classname="scripts.TechGlobalMultipleWindowsPageTest" name="validateLinkURLs" time="4.846"/>
  <testcase classname="scripts.techGlobalRadioButtonsTest" name="languageRadioButtons" time="1.705"/>
  <testcase classname="scripts.techGlobalRadioButtonsTest" name="toolsRadioButtons" time="1.018"/>
  <testcase classname="scripts.TechGlobalWaitsPageTest" name="validateRedBox" time="1.032"/>
</testsuite>